<?xml version="1.0" encoding="UTF-8"?>
<testsuite name="com.dth.modal.D2HServiceProviderTest" tests="2" skipped="0" failures="0" errors="0" timestamp="2020-02-09T17:46:10" hostname="Pratibhas-MacBook-Pro.local" time="0.002">
  <properties/>
  <testcase name="shouldCalculateSubscriptionCostGivenPackAndMonth()" classname="com.dth.modal.D2HServiceProviderTest" time="0.001"/>
  <testcase name="shouldDisplayAllServiceDetails()" classname="com.dth.modal.D2HServiceProviderTest" time="0.001"/>
  <system-out><![CDATA[]]></system-out>
  <system-err><![CDATA[]]></system-err>
</testsuite>
