<?xml version="1.0" encoding="UTF-8"?>
<testsuite name="com.dth.modal.ServiceTest" tests="3" skipped="0" failures="0" errors="0" timestamp="2020-02-09T17:46:10" hostname="Pratibhas-MacBook-Pro.local" time="0.003">
  <properties/>
  <testcase name="shouldReturnTrueWhenChannelNameMatches()" classname="com.dth.modal.ServiceTest" time="0.001"/>
  <testcase name="shouldDisplayServiceDetails()" classname="com.dth.modal.ServiceTest" time="0.001"/>
  <testcase name="shouldReturnFalseWhenChannelNameDoesNotMatch()" classname="com.dth.modal.ServiceTest" time="0.001"/>
  <system-out><![CDATA[]]></system-out>
  <system-err><![CDATA[]]></system-err>
</testsuite>
