<?xml version="1.0" encoding="UTF-8"?>
<testsuite name="SatTVSystemTest" tests="6" skipped="0" failures="0" errors="0" timestamp="2020-02-09T17:46:09" hostname="Pratibhas-MacBook-Pro.local" time="0.039">
  <properties/>
  <testcase name="shouldDisplayCurrentBalanceWhenOption1IsSelected()" classname="SatTVSystemTest" time="0.02"/>
  <testcase name="shouldDisplayDetailsWhenOption3isSelected()" classname="SatTVSystemTest" time="0.004"/>
  <testcase name="shouldRechargeAccountWhenOption2isSelected()" classname="SatTVSystemTest" time="0.002"/>
  <testcase name="shouldSubscribeToSpecialServiceWhenOption6isSelected()" classname="SatTVSystemTest" time="0.003"/>
  <testcase name="shouldAddChannelToExistingSubscriptionWhenOption5isSelected()" classname="SatTVSystemTest" time="0.003"/>
  <testcase name="shouldDisplayPackDetailsWhenOption4isSelected()" classname="SatTVSystemTest" time="0.003"/>
  <system-out><![CDATA[]]></system-out>
  <system-err><![CDATA[]]></system-err>
</testsuite>
