<?xml version="1.0" encoding="UTF-8"?>
<testsuite name="com.dth.modal.ChannelTest" tests="5" skipped="0" failures="0" errors="0" timestamp="2020-02-09T17:46:10" hostname="Pratibhas-MacBook-Pro.local" time="0.003">
  <properties/>
  <testcase name="shouldReturnChannelCharge()" classname="com.dth.modal.ChannelTest" time="0.0"/>
  <testcase name="shouldReturnTrueWhenChannelNameMatches()" classname="com.dth.modal.ChannelTest" time="0.0"/>
  <testcase name="shouldReturnFalseWhenChannelNameDontMatch()" classname="com.dth.modal.ChannelTest" time="0.0"/>
  <testcase name="shouldDisplayChannelName()" classname="com.dth.modal.ChannelTest" time="0.001"/>
  <testcase name="shouldDisplayChannelDetails()" classname="com.dth.modal.ChannelTest" time="0.0"/>
  <system-out><![CDATA[]]></system-out>
  <system-err><![CDATA[]]></system-err>
</testsuite>
