<?xml version="1.0" encoding="UTF-8"?>
<testsuite name="com.dth.command.D2hServiceDetailsTest" tests="1" skipped="0" failures="0" errors="0" timestamp="2020-02-09T17:46:10" hostname="Pratibhas-MacBook-Pro.local" time="0.021">
  <properties/>
  <testcase name="shouldExecuteD2hServiceDetailsCommand()" classname="com.dth.command.D2hServiceDetailsTest" time="0.021"/>
  <system-out><![CDATA[]]></system-out>
  <system-err><![CDATA[]]></system-err>
</testsuite>
