<?xml version="1.0" encoding="UTF-8"?>
<testsuite name="com.dth.modal.SubscribedPlanTest" tests="2" skipped="0" failures="0" errors="0" timestamp="2020-02-09T17:46:10" hostname="Pratibhas-MacBook-Pro.local" time="0.001">
  <properties/>
  <testcase name="shouldAddChannelInSubscribedPlan()" classname="com.dth.modal.SubscribedPlanTest" time="0.0"/>
  <testcase name="shouldAddSpecialServiceInSubscribedPlan()" classname="com.dth.modal.SubscribedPlanTest" time="0.0"/>
  <system-out><![CDATA[]]></system-out>
  <system-err><![CDATA[]]></system-err>
</testsuite>
