<?xml version="1.0" encoding="UTF-8"?>
<testsuite name="com.dth.modal.ChannelPackTest" tests="3" skipped="0" failures="0" errors="0" timestamp="2020-02-09T17:46:10" hostname="Pratibhas-MacBook-Pro.local" time="0.002">
  <properties/>
  <testcase name="shouldReturnSubscriptionFor3Months()" classname="com.dth.modal.ChannelPackTest" time="0.0"/>
  <testcase name="shouldDisplayDiscountFor3Months()" classname="com.dth.modal.ChannelPackTest" time="0.0"/>
  <testcase name="shouldDisplayPackDetails()" classname="com.dth.modal.ChannelPackTest" time="0.0"/>
  <system-out><![CDATA[]]></system-out>
  <system-err><![CDATA[]]></system-err>
</testsuite>
